0 info it worked if it ends with ok
1 verbose cli [ 'C:\\Program Files\\nodejs\\node.exe',
1 verbose cli   'C:\\Program Files\\nodejs\\node_modules\\npm\\bin\\npm-cli.js',
1 verbose cli   'run',
1 verbose cli   'watch' ]
2 info using npm@3.10.10
3 info using node@v6.14.3
4 verbose run-script [ 'prewatch', 'watch', 'postwatch' ]
5 info lifecycle learning-git-2@1.0.0~prewatch: learning-git-2@1.0.0
6 silly lifecycle learning-git-2@1.0.0~prewatch: no script for prewatch, continuing
7 info lifecycle learning-git-2@1.0.0~watch: learning-git-2@1.0.0
8 verbose lifecycle learning-git-2@1.0.0~watch: unsafe-perm in lifecycle true
9 verbose lifecycle learning-git-2@1.0.0~watch: PATH: C:\Program Files\nodejs\node_modules\npm\bin\node-gyp-bin;C:\kodilla\learning-git-2\node_modules\.bin;C:\Windows\system32;C:\Windows;C:\Windows\System32\Wbem;C:\Windows\System32\WindowsPowerShell\v1.0\;C:\Program Files (x86)\QuickTime\QTSystem\;C:\Program Files\Calibre2\;C:\Program Files (x86)\Skype\Phone\;C:\Program Files\Git\cmd;C:\Program Files\nodejs\;C:\Users\samsung\AppData\Local\Programs\Python\Python37\Scripts\;C:\Users\samsung\AppData\Local\Programs\Python\Python37\;D:\pascal\bin\i386-Win32;C:\Users\samsung\AppData\Roaming\npm
10 verbose lifecycle learning-git-2@1.0.0~watch: CWD: C:\kodilla\learning-git-2
11 silly lifecycle learning-git-2@1.0.0~watch: Args: [ '/d /s /c', 'npm-run-all build -p watch:*' ]
12 silly lifecycle learning-git-2@1.0.0~watch: Returned: code: 1  signal: null
13 info lifecycle learning-git-2@1.0.0~watch: Failed to exec watch script
14 verbose stack Error: learning-git-2@1.0.0 watch: `npm-run-all build -p watch:*`
14 verbose stack Exit status 1
14 verbose stack     at EventEmitter.<anonymous> (C:\Program Files\nodejs\node_modules\npm\lib\utils\lifecycle.js:255:16)
14 verbose stack     at emitTwo (events.js:106:13)
14 verbose stack     at EventEmitter.emit (events.js:191:7)
14 verbose stack     at ChildProcess.<anonymous> (C:\Program Files\nodejs\node_modules\npm\lib\utils\spawn.js:40:14)
14 verbose stack     at emitTwo (events.js:106:13)
14 verbose stack     at ChildProcess.emit (events.js:191:7)
14 verbose stack     at maybeClose (internal/child_process.js:920:16)
14 verbose stack     at Process.ChildProcess._handle.onexit (internal/child_process.js:230:5)
15 verbose pkgid learning-git-2@1.0.0
16 verbose cwd C:\kodilla\learning-git-2
17 error Windows_NT 6.1.7601
18 error argv "C:\\Program Files\\nodejs\\node.exe" "C:\\Program Files\\nodejs\\node_modules\\npm\\bin\\npm-cli.js" "run" "watch"
19 error node v6.14.3
20 error npm  v3.10.10
21 error code ELIFECYCLE
22 error learning-git-2@1.0.0 watch: `npm-run-all build -p watch:*`
22 error Exit status 1
23 error Failed at the learning-git-2@1.0.0 watch script 'npm-run-all build -p watch:*'.
23 error Make sure you have the latest version of node.js and npm installed.
23 error If you do, this is most likely a problem with the learning-git-2 package,
23 error not with npm itself.
23 error Tell the author that this fails on your system:
23 error     npm-run-all build -p watch:*
23 error You can get information on how to open an issue for this project with:
23 error     npm bugs learning-git-2
23 error Or if that isn't available, you can get their info via:
23 error     npm owner ls learning-git-2
23 error There is likely additional logging output above.
24 verbose exit [ 1, true ]
